
 Proprietary Notice
 This application contains the confidential and
 proprietary trade secrets of Schlumberger and may
 not be copied or stored in an information retrieval
 system, transferred, used, distributed, translated,
 or retransmitted in any form or by any means, electronic
 or mechanical, in whole or in part, without the
 express written permission of the copyright owner.

 ECLIPSE is a mark of Schlumberger. Copyright (c)
 1981-2016 Schlumberger. All rights reserved.

     1 READING RUNSPEC
     2 READING TITLE
     3 READING START
     4 READING METRIC
     5 READING FMTIN
     6 READING FMTOUT
     7 READING GAS
     8 READING OIL
     9 READING WATER
    10 READING SAVE
    11 READING MESSAGES
    12 READING MONITOR
    13 READING RSSPEC
    14 READING NOINSPEC
    15 READING MSGFILE
    16 READING AQUDIMS
    17 READING DIMENS
    18 READING EQLDIMS
    19 READING REGDIMS
    20 READING TABDIMS
    21 READING WELLDIMS
    22 READING GRID

 @--MESSAGE  AT TIME        0.0   DAYS    (15-JUN-2011):
 @           CHECKING FOR LICENSES

 @--MESSAGE  AT TIME        0.0   DAYS    (15-JUN-2011):
 @           CHECKING FOR LICENSES

 @--MESSAGE  AT TIME        0.0   DAYS    (15-JUN-2011):
 @           THE MEMORY REQUIRED TO PROCESS THE GRID SECTION IS
 @                11353 KBYTES
    24 READING GRIDFILE
    25 READING INIT
    26 READING INCLUDE EGG_GOPP.INC
               END OF INCLUDE FILE
    27 READING INCLUDE EGG_GGO.INC
    28 READING ECHO
    29 READING GRIDUNIT
    30 READING MAPAXES
    31 READING NOECHO
    32 READING DX
    33 READING DY
    34 READING DZ
    35 READING TOPS
               END OF INCLUDE FILE
    36 READING INCLUDE EGG_GPRO.INC
    37 READING NOECHO
    38 READING ACTNUM
    39 READING PERMX
    40 READING ECHO
    41 READING COPY
    42 READING COPY
    43 READING MULTIPLY
    44 READING NOECHO
    45 READING NTG
    46 READING PORO
               END OF INCLUDE FILE
    47 READING INCLUDE EGG_GOTH.INC
               END OF INCLUDE FILE
    48 READING PROPS

 @--WARNING  AT TIME        0.0   DAYS    (15-JUN-2011):
 @           FLUX FLAG SET IN RUNSPEC BUT FLUXNUM KEYWORD
 @           NOT USED -- SAVE SPACE BY SETTING NTFREG = 0
 @           IN RUNSPEC KEYWORD REGDIMS.

 @--MESSAGE  AT TIME        0.0   DAYS    (15-JUN-2011):
 @           NEITHER OLDTRAN,OLDTRANR NOR NEWTRAN SPECIFIED
 @           BLOCK CENTRE TRANSMISSIBILITIES TO BE CALCULATED
 @           USING  OLDTRAN

 @--COMMENT  AT TIME        0.0   DAYS    (15-JUN-2011):
 @           NO NON-NEIGHBOUR CONNECTIONS FOUND

 @--MESSAGE  AT TIME        0.0   DAYS    (15-JUN-2011):
 @           NUMBER OF ACTIVE CELLS IS 18553

 @--MESSAGE  AT TIME        0.0   DAYS    (15-JUN-2011):
 @           THE MEMORY REQUIRED TO PROCESS THE SOLUTION SECTION IS
 @                30977 KBYTES

 @--MESSAGE  AT TIME        0.0   DAYS    (15-JUN-2011):
 @              62395 CHARACTER VARIABLES USED
    49 READING INCLUDE EGG_PVT.INC
    50 READING ECHO
    51 READING DENSITY
    52 READING PVDO
    53 READING PVDG
    54 READING PVTW

 @--WARNING  AT TIME        0.0   DAYS    (15-JUN-2011):
 @           SPURIOUS DATA BEFORE ECHO     KEYWORD
 @           /
    55 READING ECHO
    56 READING ROCK
               END OF INCLUDE FILE
    57 READING INCLUDE EGG_SCAL.INC
    58 READING ECHO
    59 READING SWOF
    60 READING SGOF
               END OF INCLUDE FILE
    61 READING REGIONS
    62 READING INCLUDE EGG_REG.INC
               END OF INCLUDE FILE
    63 READING SOLUTION

 @--MESSAGE  AT TIME        0.0   DAYS    (15-JUN-2011):
 @           SAVE FILE HAS BEEN WRITTEN.
    64 READING INCLUDE EGG_INIT.INC
    65 READING ECHO
    66 READING EQUIL
    67 READING ECHO
    68 READING RPTSOL
               END OF INCLUDE FILE
    69 READING SUMMARY
    70 READING INCLUDE EGG_SUM.INC
    71 READING EXCEL
    72 READING RPTONLY
    73 READING WLPR
    74 READING WSTAT
    75 READING WWGR
    76 READING GWGR
    77 READING WWCT
    78 READING GWCT
    79 READING WTHP
    80 READING TIMESTEP
    81 READING WVPR
    82 READING GVPR
    83 READING WVPT
    84 READING GVPT
    85 READING FWPR
    86 READING FWPT
    87 READING WVIR
    88 READING GVIR
    89 READING WVIT
    90 READING GVIT
    91 READING WPI
    92 READING WWPR
    93 READING GWPR
    94 READING WOPR
    95 READING FOPR
    96 READING FOPT
    97 READING GOPR
    98 READING WGPR
    99 READING GGPR
   100 READING WEPR
   101 READING WWPT
   102 READING GWPT
   103 READING WOPT
   104 READING GOPT
   105 READING WGPT
   106 READING GGPT
   107 READING WWIR
   108 READING GWIR
   109 READING WOIR
   110 READING GOIR
   111 READING WGIR
   112 READING GGIR
   113 READING WWIT
   114 READING GWIT
   115 READING FGPR
   116 READING FGPT
   117 READING WOIT
   118 READING GOIT
   119 READING WGIT
   120 READING FWIR
   121 READING FWIT
   122 READING GGIT
   123 READING WGOR
   124 READING GGOR
   125 READING WBHP
   126 READING WBP9
   127 READING FPR
   128 READING FGIR
   129 READING FGIT
               END OF INCLUDE FILE
   130 READING SCHEDULE
   131 READING INCLUDE EGG_SCH.INC
   132 READING ECHO
   133 READING RPTSCHED
   134 READING RPTRST
   135 READING WELSPECS
   136 READING WELSPECS
   137 READING WELSPECS
   138 READING WELSPECS
   139 READING WELSPECS
   140 READING WELSPECS
   141 READING WELSPECS
   142 READING WELSPECS
   143 READING WELSPECS
   144 READING WELSPECS
   145 READING COMPDAT
   146 READING COMPDAT
   147 READING COMPDAT
   148 READING COMPDAT
   149 READING COMPDAT
   150 READING COMPDAT
   151 READING COMPDAT
   152 READING COMPDAT
   153 READING COMPDAT
   154 READING COMPDAT
   155 READING WCONPROD

 @--MESSAGE  AT TIME        0.0   DAYS    (15-JUN-2011):
 @           OPENING WELL PROD1    AT TIME      0.00   DAYS
 @           CONTROLLED BY BOTTOM HOLE PRESSURE
   156 READING WCONPROD

 @--MESSAGE  AT TIME        0.0   DAYS    (15-JUN-2011):
 @           OPENING WELL PROD3    AT TIME      0.00   DAYS
 @           CONTROLLED BY BOTTOM HOLE PRESSURE
   157 READING WCONPROD

 @--MESSAGE  AT TIME        0.0   DAYS    (15-JUN-2011):
 @           OPENING WELL PROD2    AT TIME      0.00   DAYS
 @           CONTROLLED BY BOTTOM HOLE PRESSURE
   158 READING WCONPROD

 @--MESSAGE  AT TIME        0.0   DAYS    (15-JUN-2011):
 @           OPENING WELL PROD4    AT TIME      0.00   DAYS
 @           CONTROLLED BY BOTTOM HOLE PRESSURE
   159 READING WCONINJE

 @--MESSAGE  AT TIME        0.0   DAYS    (15-JUN-2011):
 @           OPENING WELL INJECT1  AT TIME      0.00   DAYS
 @           CONTROLLED BY WATER RATE
   160 READING WCONINJE

 @--MESSAGE  AT TIME        0.0   DAYS    (15-JUN-2011):
 @           OPENING WELL INJECT2  AT TIME      0.00   DAYS
 @           CONTROLLED BY WATER RATE
   161 READING WCONINJE

 @--MESSAGE  AT TIME        0.0   DAYS    (15-JUN-2011):
 @           OPENING WELL INJECT3  AT TIME      0.00   DAYS
 @           CONTROLLED BY WATER RATE
   162 READING WCONINJE

 @--MESSAGE  AT TIME        0.0   DAYS    (15-JUN-2011):
 @           OPENING WELL INJECT4  AT TIME      0.00   DAYS
 @           CONTROLLED BY WATER RATE
   163 READING WCONINJE

 @--MESSAGE  AT TIME        0.0   DAYS    (15-JUN-2011):
 @           OPENING WELL INJECT5  AT TIME      0.00   DAYS
 @           CONTROLLED BY WATER RATE
   164 READING WCONINJE

 @--MESSAGE  AT TIME        0.0   DAYS    (15-JUN-2011):
 @           OPENING WELL INJECT6  AT TIME      0.00   DAYS
 @           CONTROLLED BY WATER RATE
   165 READING TUNING
   166 READING TSTEP

 @--MESSAGE  AT TIME        0.0   DAYS    (15-JUN-2011):
 @           RESTART FILE WRITTEN   REPORT     0
 STEP    1 TIME=      2.40 HOURS (    +2.4 HOURS INIT  3 ITS) (15-JUN-2011)
  PAV=   397.8  BARSA  WCT= 0.00 GOR= 0.00000   SM3/SM3 WGR= 0.00000   SM3/SM3
 STEP    2 TIME=      5.91 HOURS (    +3.5 HOURS TRNC  3 ITS) (15-JUN-2011)
  PAV=   396.5  BARSA  WCT= 0.00 GOR= 0.00000   SM3/SM3 WGR= 0.00000   SM3/SM3
 STEP    3 TIME=     14.95 HOURS (    +9.0 HOURS HALF  3 ITS) (15-JUN-2011)
  PAV=   396.1  BARSA  WCT= 0.00 GOR= 0.00000   SM3/SM3 WGR= 0.00000   SM3/SM3
 STEP    4 TIME=      1.00  DAYS (    +9.0 HOURS REPT  3 ITS) (16-JUN-2011)
  PAV=   396.0  BARSA  WCT= 0.00 GOR= 0.00000   SM3/SM3 WGR= 0.00000   SM3/SM3

 @--MESSAGE  AT TIME        1.0   DAYS    (16-JUN-2011):
 @           RESTART FILE WRITTEN   REPORT     1
   167 READING END
           35 Mbytes of storage required
   1.9146     KB/active cell
           58 Mbytes (image size)

 Error summary
 Comments               1
 Warnings               2
 Problems               0
 Errors                 0
 Bugs                   0
 Final cpu       1.66 elapsed       1.66
 Total number of time steps forced to be accepted          0
 PRODUCING RUN SUMMARIES
 EGG.FSMSPEC exists
 SPEC file succesfully read
 Opened file EGG.A0001
     1 files exist containing        2 timesteps
 Summary file EGG.A0001 opened
                   705  vectors loaded
 RUN SUMMARIES COMPLETE













































































































































































