


 $$$$$   $$$   $      $$$  $$$$    $$$   $$$$$     $    $$$    $$$ 
 $      $   $  $       $   $   $  $   $  $        $$   $   $  $   $
 $      $      $       $   $   $  $      $         $   $   $  $   $
 $$$$   $      $       $   $$$$    $$$   $$$$      $   $   $  $   $
 $      $      $       $   $          $  $         $   $   $  $   $
 $      $   $  $       $   $      $   $  $         $   $   $  $   $
 $$$$$   $$$   $$$$$  $$$  $       $$$   $$$$$    $$$   $$$    $$$ 



                       $$$$$   $$$   $      $$$  $$$$    $$$   $$$$$     $    $$$    $$$ 
                       $      $   $  $       $   $   $  $   $  $        $$   $   $  $   $
                       $      $      $       $   $   $  $      $         $   $   $  $   $
                       $$$$   $      $       $   $$$$    $$$   $$$$      $   $   $  $   $
                       $      $      $       $   $          $  $         $   $   $  $   $
                       $      $   $  $       $   $      $   $  $         $   $   $  $   $
                       $$$$$   $$$   $$$$$  $$$  $       $$$   $$$$$    $$$   $$$    $$$ 



                                             $$$$$   $$$   $      $$$  $$$$    $$$   $$$$$     $    $$$    $$$ 
                                             $      $   $  $       $   $   $  $   $  $        $$   $   $  $   $
                                             $      $      $       $   $   $  $      $         $   $   $  $   $
                                             $$$$   $      $       $   $$$$    $$$   $$$$      $   $   $  $   $
                                             $      $      $       $   $          $  $         $   $   $  $   $
                                             $      $   $  $       $   $      $   $  $         $   $   $  $   $
                                             $$$$$   $$$   $$$$$  $$$  $       $$$   $$$$$    $$$   $$$    $$$ 



                                                                   $$$$$   $$$   $      $$$  $$$$    $$$   $$$$$     $    $$$    $$$ 
                                                                   $      $   $  $       $   $   $  $   $  $        $$   $   $  $   $
                                                                   $      $      $       $   $   $  $      $         $   $   $  $   $
                                                                   $$$$   $      $       $   $$$$    $$$   $$$$      $   $   $  $   $
                                                                   $      $      $       $   $          $  $         $   $   $  $   $
                                                                   $      $   $  $       $   $      $   $  $         $   $   $  $   $
                                                                   $$$$$   $$$   $$$$$  $$$  $       $$$   $$$$$    $$$   $$$    $$$ 

Proprietary Notice
This application contains the confidential and proprietary trade secrets of Schlumberger and may not be copied or stored in an
information retrieval system, transferred, used, distributed, translated, or retransmitted in any form or by any means, electronic
or mechanical, in whole or in part, without the express written permission of the copyright owner.

ECLIPSE is a mark of Schlumberger. Copyright (c) 1981-2016 Schlumberger. All rights reserved.

Version =  2016.1  
Arch    =  PC WINDOWS (64 bit, PC_IL1364VS110OPT8BYTE)

Annex    | Modification date    | Update date          | baseline             
=====    | =================    | ===========          | ========             
ECLIPSE  | 04-JUL-2016 16:46:24 | 11-JUL-2016 09:25:00 | 2016.1_580721
petlast  | 29-FEB-2012 11:48:27 | 11-JUL-2016 09:26:04 | 2016.1_580721
system   | 15-APR-2016 09:41:26 | 11-JUL-2016 09:27:38 | 2016.1_580721
tpb      | 17-JUL-2013 16:28:58 | 11-JUL-2016 09:28:09 | 2016.1_580721
utility  | 23-NOV-2015 16:07:04 | 11-JUL-2016 09:28:09 | 2016.1_580721
 
 HOST desktop-esldk9p USER   ARCH  

1

 ******** ECHO OF INPUT DATA FOR RUN EGG

 0: --
 0: -- -----------------------------------------------------------------------------
 0: -- Office Simulation File (DATA) Data Section Version 2016.1 Jul 11 2016
 0: -- -----------------------------------------------------------------------------
 0: --
 0: -- File: EGG_E100.DATA
 0: -- Created on: 2022-Jun-26 at: 15:20:09
 0: --
 0: -- *****************************************************************************
 0: -- *                                  WARNING                                  *
 0: -- *                THIS FILE HAS BEEN AUTOMATICALLY GENERATED.                *
 0: -- *          ANY ATTEMPT TO EDIT MANUALLY MAY RESULT IN INVALID DATA.         *
 0: -- *****************************************************************************
 0: --
 0: 
 0: RUNSPEC
 0: 
 0: TITLE
 0: VEM
 0: 
 0: START
 0:  15 'JUN' 2011 /
 0: 
 0: METRIC
 0: 
 0: FMTIN
 0: 
 0: FMTOUT
 0: 
 0: GAS
 0: 
 0: OIL
 0: 
 0: WATER
 0: 
 0: SAVE
 0: /
 0: 
 0: MESSAGES
 0: 3* 500 5* 2000 /
 0: 
 0: MONITOR
 0: 
 0: RSSPEC
 0: 
 0: NOINSPEC
 0: 
 0: MSGFILE
 0: 
 0: AQUDIMS
 0:  0 0 1 0 0 0 0 0 /
 0: 
 0: DIMENS
 0:  60 60 7 /
 0: 
 0: EQLDIMS
 0:  1 100 100 1 20 /
 0: 
 0: REGDIMS
 0:  1 1 0 10 /
 0: 
 0: TABDIMS
 0:  1 1 20 20 1 20 20 1 /
 0: 
 0: WELLDIMS
 0:  20 100 8 26 /
 0: 
 0: 
 0: GRID
 0: 
 0: GRIDFILE
 0:  0 1 /
 0: 
 0: INIT
 0: 
 0: INCLUDE

 ******** START OF INCLUDED FILE EGG_GOPP.INC                                                                                                                        

 1: --
 1: -- -----------------------------------------------------------------------------
 1: -- Office Grid Operational and Parallel Keywords (GRIDGOPP) Data Section Version 2016.1 Jul 11 2016
 1: -- -----------------------------------------------------------------------------
 1: --
 1: -- File: EGG_GOPP.INC
 1: -- Created on: 2022-Jun-26 at: 15:20:05
 1: --
 1: -- *****************************************************************************
 1: -- *                                  WARNING                                  *
 1: -- *                THIS FILE HAS BEEN AUTOMATICALLY GENERATED.                *
 1: -- *          ANY ATTEMPT TO EDIT MANUALLY MAY RESULT IN INVALID DATA.         *
 1: -- *****************************************************************************
 1: --

 ******** END OF INCLUDED FILE 

 0: 
 0: INCLUDE

 ******** START OF INCLUDED FILE EGG_GGO.INC                                                                                                                         

 1: --
 1: -- -----------------------------------------------------------------------------
 1: -- Office Grid Geometry (GRDGEOM) Data Section Version 2016.1 Jul 11 2016
 1: -- -----------------------------------------------------------------------------
 1: --
 1: -- File: EGG_GGO.INC
 1: -- Created on: 2022-Jun-26 at: 15:20:05
 1: --
 1: -- *****************************************************************************
 1: -- *                                  WARNING                                  *
 1: -- *                THIS FILE HAS BEEN AUTOMATICALLY GENERATED.                *
 1: -- *          ANY ATTEMPT TO EDIT MANUALLY MAY RESULT IN INVALID DATA.         *
 1: -- *****************************************************************************
 1: --
 1: ECHO
 1: --
 1: -- -----------------------------------------------------------------------------
 1: -- Office Grid Operational and Parallel Keywords (GRIDGOPP) Data Section Version 2016.1 Jul 11 2016
 1: -- -----------------------------------------------------------------------------
 1: --
 1: -- File: 1_GOPP.INC
 1: -- Created on: 2022-Jun-26 at: 13:21:15
 1: --
 1: -- *****************************************************************************
 1: -- *                                  WARNING                                  *
 1: -- *                THIS FILE HAS BEEN AUTOMATICALLY GENERATED.                *
 1: -- *          ANY ATTEMPT TO EDIT MANUALLY MAY RESULT IN INVALID DATA.         *
 1: -- *****************************************************************************
 1: --
 1: --
 1: -- -----------------------------------------------------------------------------
 1: -- Office Grid Geometry (GRDGEOM) Data Section Version 2016.1 Jul 11 2016
 1: -- -----------------------------------------------------------------------------
 1: --
 1: -- File: 1_GGO.INC
 1: -- Created on: 2022-Jun-26 at: 13:21:15
 1: --
 1: -- *****************************************************************************
 1: -- *                                  WARNING                                  *
 1: -- *                THIS FILE HAS BEEN AUTOMATICALLY GENERATED.                *
 1: -- *          ANY ATTEMPT TO EDIT MANUALLY MAY RESULT IN INVALID DATA.         *
 1: -- *****************************************************************************
 1: --
 1: GRIDUNIT
 1: --
 1: -- Specifies the grid data units
 1: --
 1:  'METRES'  /
 1: MAPAXES
 1: --
 1: -- Grid Axes wrt Map Coordinates
 1: --
 1:           0          0          0          0          0          0 /
 1: NOECHO

 ******** END OF INCLUDED FILE 


 ******** START OF INCLUDED FILE EGG_GPRO.INC                                                                                                                        

 1: ECHO
 1: COPY
 1: PERMX PERMY /
 1: /
 1: 
 1: COPY
 1: PERMX PERMZ /
 1: /
 1: 
 1: MULTIPLY
 1: PERMZ 0.1 /
 1: /
 1: 
 1: NOECHO

 ******** END OF INCLUDED FILE 


 ******** START OF INCLUDED FILE EGG_GOTH.INC                                                                                                                        


 ******** END OF INCLUDED FILE 


 ******** START OF INCLUDED FILE EGG_PVT.INC                                                                                                                         

 1: ECHO
 1: --
 1: -- -----------------------------------------------------------------------------
 1: -- Office Grid non-geom, non-prop non-operational non-parallel keywords (GRDOTHERS) Data Section Version 2016.1 Jul 11 2016
 1: -- -----------------------------------------------------------------------------
 1: --
 1: -- File: 1_GOTH.INC
 1: -- Created on: 2022-Jun-26 at: 13:21:15
 1: --
 1: -- *****************************************************************************
 1: -- *                                  WARNING                                  *
 1: -- *                THIS FILE HAS BEEN AUTOMATICALLY GENERATED.                *
 1: -- *          ANY ATTEMPT TO EDIT MANUALLY MAY RESULT IN INVALID DATA.         *
 1: -- *****************************************************************************
 1: --
 1: --
 1: -- -----------------------------------------------------------------------------
 1: -- Office PVTN (PVTN) Data Section Version 2016.1 Jul 11 2016
 1: -- -----------------------------------------------------------------------------
 1: --
 1: -- File: 1_PVT.INC
 1: -- Created on: 2022-Jun-26 at: 13:21:15
 1: --
 1: -- *****************************************************************************
 1: -- *                                  WARNING                                  *
 1: -- *                THIS FILE HAS BEEN AUTOMATICALLY GENERATED.                *
 1: -- *          ANY ATTEMPT TO EDIT MANUALLY MAY RESULT IN INVALID DATA.         *
 1: -- *****************************************************************************
 1: --
 1: -- OFFICE-PVTN-HEADER-DATA
 1: --
 1: -- -----------------------------------------------------------------------------
 1: -- Office PVTN Keywords
 1: -- -----------------------------------------------------------------------------
 1: --
 1: -- <-> GRID Section
 1: -- <+> PROPS Section
 1: DENSITY
 1: --
 1: -- Fluid Densities at Surface Conditions
 1: --
 1:       800.91    1020.3   0.81172
 1: /
 1: 
 1: PVDO
 1: --Po    Bo     Vo
 1: 50       1.283    0.5
 1: 1000    1.275  0.5
 1: 2500    1.26   0.5
 1: 3000    1.256  0.5
 1: 3500    1.252  0.5
 1: 4000    1.248  0.5
 1: 4500    1.245  0.5
 1: 5000    1.243  0.5
 1: 
 1: /
 1: PVDG
 1: --Pg    Bg     Vg
 1: 50	2.12	0.115
 1: 1000	1.65	0.13
 1: 2500	0.98	0.155
 1: 3000	0.74	0.165
 1: 3500	0.65	0.17
 1: 4000	0.59	0.175
 1: 4500	0.54	0.18
 1: 5000	0.45	0.19
 1: /
 1: 
 1: PVTW
 1: --
 1: -- Water PVT Properties
 1: --
 1:            450       1.0824  5.6602E-005      0.17768            0 /
 1: /
 1: 
 1: ECHO
 1: ROCK
 1: --
 1: -- Rock Properties
 1: --
 1:          400         5.787E-005
 1: /
 1: 

 ******** END OF INCLUDED FILE 

 0: 
 0: INCLUDE

 ******** START OF INCLUDED FILE EGG_SCAL.INC                                                                                                                        

 1: --
 1: -- -----------------------------------------------------------------------------
 1: -- Office SCAL (SCAL) Data Section Version 2016.1 Jul 11 2016
 1: -- -----------------------------------------------------------------------------
 1: --
 1: -- File: EGG_SCAL.INC
 1: -- Created on: 2022-Jun-26 at: 15:20:06
 1: --
 1: -- *****************************************************************************
 1: -- *                                  WARNING                                  *
 1: -- *                THIS FILE HAS BEEN AUTOMATICALLY GENERATED.                *
 1: -- *          ANY ATTEMPT TO EDIT MANUALLY MAY RESULT IN INVALID DATA.         *
 1: -- *****************************************************************************
 1: --
 1: -- OFFICE-SCAL-HEADER-DATA
 1: --
 1: -- -----------------------------------------------------------------------------
 1: -- Office SCAL Keywords
 1: -- -----------------------------------------------------------------------------
 1: --
 1: ECHO
 1: --
 1: -- -----------------------------------------------------------------------------
 1: -- Office SCAL (SCAL) Data Section Version 2016.1 Jul 11 2016
 1: -- -----------------------------------------------------------------------------
 1: --
 1: -- File: 1_SCAL.INC
 1: -- Created on: 2022-Jun-26 at: 13:21:15
 1: --
 1: -- *****************************************************************************
 1: -- *                                  WARNING                                  *
 1: -- *                THIS FILE HAS BEEN AUTOMATICALLY GENERATED.                *
 1: -- *          ANY ATTEMPT TO EDIT MANUALLY MAY RESULT IN INVALID DATA.         *
 1: -- *****************************************************************************
 1: --
 1: -- OFFICE-SCAL-HEADER-DATA
 1: --
 1: -- -----------------------------------------------------------------------------
 1: -- Office SCAL Keywords
 1: -- -----------------------------------------------------------------------------
 1: --
 1: SWOF
 1: --
 1: -- Water / oil saturation functions versus water saturation
 1: --
 1:            0.3           0         0.8           0
 1:           0.35           0     0.56187           0
 1:            0.4   0.0001709     0.37641           0
 1:           0.45   0.0027344     0.23704           0
 1:            0.5    0.013843     0.13717           0
 1:           0.55     0.04375    0.070233           0
 1:            0.6     0.10681     0.02963           0
 1:           0.65     0.22148   0.0087791           0
 1:            0.7     0.41033   0.0010974           0
 1:           0.75         0.7           0           0
 1:              1           1           0           0
 1: /
 1: 
 1: SGOF
 1: --
 1: -- Gas/Oil Saturation Functions
 1: --
 1:              0           0         0.8           0
 1:            0.1           0     0.37641           0
 1:        0.14375 2.6703e-006     0.25216           0
 1:         0.1875   0.0001709      0.1588           0
 1:        0.23125   0.0019466    0.091896           0
 1:          0.275    0.010938    0.047051           0
 1:        0.31875    0.041723     0.01985           0
 1:         0.3625     0.12458   0.0058813           0
 1:        0.40625     0.31416  0.00073517           0
 1:           0.45         0.7           0           0
 1:            0.7         0.8           0           0
 1: /
 1: 

 ******** END OF INCLUDED FILE 

 0: 
 0: 
 0: REGIONS
 0: 
 0: INCLUDE

 ******** START OF INCLUDED FILE EGG_REG.INC                                                                                                                         

 1: --
 1: -- -----------------------------------------------------------------------------
 1: -- Office REG (REG) Data Section Version 2016.1 Jul 11 2016
 1: -- -----------------------------------------------------------------------------
 1: --
 1: -- File: EGG_REG.INC
 1: -- Created on: 2022-Jun-26 at: 15:20:06
 1: --
 1: -- *****************************************************************************
 1: -- *                                  WARNING                                  *
 1: -- *                THIS FILE HAS BEEN AUTOMATICALLY GENERATED.                *
 1: -- *          ANY ATTEMPT TO EDIT MANUALLY MAY RESULT IN INVALID DATA.         *
 1: -- *****************************************************************************
 1: --
 1: -- OFFICE-REGION-HEADER-DATA
 1: --
 1: -- Off REG Regions:          0
 1: --
 1: -- -----------------------------------------------------------------------------
 1: -- Office REG Keywords
 1: -- -----------------------------------------------------------------------------
 1: --
 1: --

 ******** END OF INCLUDED FILE 

 0: 
 0: 
 0: SOLUTION
 0: 
 0: INCLUDE

 ******** START OF INCLUDED FILE EGG_INIT.INC                                                                                                                        

 1: --
 1: -- -----------------------------------------------------------------------------
 1: -- Office INIT (INIT) Data Section Version 2016.1 Jul 11 2016
 1: -- -----------------------------------------------------------------------------
 1: --
 1: -- File: EGG_INIT.INC
 1: -- Created on: 2022-Jun-26 at: 15:20:06
 1: --
 1: -- *****************************************************************************
 1: -- *                                  WARNING                                  *
 1: -- *                THIS FILE HAS BEEN AUTOMATICALLY GENERATED.                *
 1: -- *          ANY ATTEMPT TO EDIT MANUALLY MAY RESULT IN INVALID DATA.         *
 1: -- *****************************************************************************
 1: --
 1: -- OFFICE-INIT-HEADER-DATA
 1: --
 1: --
 1: -- -----------------------------------------------------------------------------
 1: -- Office INIT Keywords
 1: -- -----------------------------------------------------------------------------
 1: --
 1: ECHO
 1: -- <-> PROPS Section
 1: -- <+> REGIONS Section
 1: -- <-> REGIONS Section
 1: -- <+> SOLUTION Section
 1: EQUIL
 1: --
 1: -- Equilibration Data Specification
 1: --
 1:     4000     400    5000       0    1000       0       1      1*      1*      1*      1*
 1: /
 1: 
 1: 
 1: ECHO
 1: --RPTSOL
 1: --    RESTART=2 FIP=3/
 1: RPTSOL
 1: --
 1: -- Initialisation Print Output
 1: --
 1:  RESTART=2 /

 ******** END OF INCLUDED FILE 

 0: 
 0: 
 0: SUMMARY
 0: 
 0: INCLUDE

 ******** START OF INCLUDED FILE EGG_SUM.INC                                                                                                                         

 1: --
 1: -- -----------------------------------------------------------------------------
 1: -- Office Summary (SUM) Data Section Version 2016.1 Jul 11 2016
 1: -- -----------------------------------------------------------------------------
 1: --
 1: -- File: EGG_SUM.INC
 1: -- Created on: 2022-Jun-26 at: 15:20:06
 1: --
 1: -- *****************************************************************************
 1: -- *                                  WARNING                                  *
 1: -- *                THIS FILE HAS BEEN AUTOMATICALLY GENERATED.                *
 1: -- *          ANY ATTEMPT TO EDIT MANUALLY MAY RESULT IN INVALID DATA.         *
 1: -- *****************************************************************************
 1: --
 1: EXCEL
 1: 
 1: RPTONLY
 1: 
 1: WLPR
 1:  /
 1: 
 1: WSTAT
 1:  /
 1: 
 1: WWGR
 1:  /
 1: 
 1: GWGR
 1:  /
 1: 
 1: WWCT
 1:  /
 1: 
 1: GWCT
 1:  /
 1: 
 1: WTHP
 1:  /
 1: 
 1: TIMESTEP
 1: 
 1: WVPR
 1:  /
 1: 
 1: GVPR
 1:  /
 1: 
 1: WVPT
 1:  /
 1: 
 1: GVPT
 1:  /
 1: 
 1: FWPR
 1: 
 1: FWPT
 1: 
 1: WVIR
 1:  /
 1: 
 1: GVIR
 1:  /
 1: 
 1: WVIT
 1:  /
 1: 
 1: GVIT
 1:  /
 1: 
 1: WPI
 1:  /
 1: 
 1: WWPR
 1:  /
 1: 
 1: GWPR
 1:  /
 1: 
 1: WOPR
 1:  /
 1: 
 1: FOPR
 1: 
 1: FOPT
 1: 
 1: GOPR
 1:  /
 1: 
 1: WGPR
 1:  /
 1: 
 1: GGPR
 1:  /
 1: 
 1: WEPR
 1:  /
 1: 
 1: WWPT
 1:  /
 1: 
 1: GWPT
 1:  /
 1: 
 1: WOPT
 1:  /
 1: 
 1: GOPT
 1:  /
 1: 
 1: WGPT
 1:  /
 1: 
 1: GGPT
 1:  /
 1: 
 1: WWIR
 1:  /
 1: 
 1: GWIR
 1:  /
 1: 
 1: WOIR
 1:  /
 1: 
 1: GOIR
 1:  /
 1: 
 1: WGIR
 1:  /
 1: 
 1: GGIR
 1:  /
 1: 
 1: WWIT
 1:  /
 1: 
 1: GWIT
 1:  /
 1: 
 1: FGPR
 1: 
 1: FGPT
 1: 
 1: WOIT
 1:  /
 1: 
 1: GOIT
 1:  /
 1: 
 1: WGIT
 1:  /
 1: 
 1: FWIR
 1: 
 1: FWIT
 1: 
 1: GGIT
 1:  /
 1: 
 1: WGOR
 1:  /
 1: 
 1: GGOR
 1:  /
 1: 
 1: WBHP
 1:  /
 1: 
 1: WBP9
 1: /
 1: 
 1: FPR
 1: 
 1: FGIR
 1: 
 1: FGIT
 1: --
 1: -- -----------------------------------------------------------------------------
 1: -- End of Office Summary (SUM) Data Section
 1: -- -----------------------------------------------------------------------------
 1: --

 ******** END OF INCLUDED FILE 

 0: 
 0: 
 0: SCHEDULE
 0: 
 0: INCLUDE

 ******** START OF INCLUDED FILE EGG_SCH.INC                                                                                                                         

 1: --
 1: -- -----------------------------------------------------------------------------
 1: -- Office Schedule (SCHED) Data Section Version 2016.1 Jul 11 2016
 1: -- -----------------------------------------------------------------------------
 1: --
 1: -- File: EGG_SCH.INC
 1: -- Created on: 2022-Jun-26 at: 15:20:06
 1: --
 1: -- *****************************************************************************
 1: -- *                                  WARNING                                  *
 1: -- *                THIS FILE HAS BEEN AUTOMATICALLY GENERATED.                *
 1: -- *          ANY ATTEMPT TO EDIT MANUALLY MAY RESULT IN INVALID DATA.         *
 1: -- *****************************************************************************
 1: --
 1: -- Off SCHED Units: "METRIC"
 1: -- Off SCHED Wells:         12
 1: -- Off SCHED Well: 1 5 57 0 1 0 7
 1: -- Off SCHED Name: "INJECT1" ""
 1: -- Off SCHED Completion: 1 5 57 1
 1: -- Off SCHED LGR:""
 1: -- Off SCHED Compdat: 0.2 0
 1: -- Off SCHED Completion: 2 5 57 2
 1: -- Off SCHED LGR:""
 1: -- Off SCHED Compdat: 0.2 0
 1: -- Off SCHED Completion: 3 5 57 3
 1: -- Off SCHED LGR:""
 1: -- Off SCHED Compdat: 0.2 0
 1: -- Off SCHED Completion: 4 5 57 4
 1: -- Off SCHED LGR:""
 1: -- Off SCHED Compdat: 0.2 0
 1: -- Off SCHED Completion: 5 5 57 5
 1: -- Off SCHED LGR:""
 1: -- Off SCHED Compdat: 0.2 0
 1: -- Off SCHED Completion: 6 5 57 6
 1: -- Off SCHED LGR:""
 1: -- Off SCHED Compdat: 0.2 0
 1: -- Off SCHED Completion: 7 5 57 7
 1: -- Off SCHED LGR:""
 1: -- Off SCHED Compdat: 0.2 0
 1: -- Off SCHED Well: 2 30 53 0 1 0 7
 1: -- Off SCHED Name: "INJECT2" ""
 1: -- Off SCHED Completion: 1 30 53 1
 1: -- Off SCHED LGR:""
 1: -- Off SCHED Compdat: 0.2 0
 1: -- Off SCHED Completion: 2 30 53 2
 1: -- Off SCHED LGR:""
 1: -- Off SCHED Compdat: 0.2 0
 1: -- Off SCHED Completion: 3 30 53 3
 1: -- Off SCHED LGR:""
 1: -- Off SCHED Compdat: 0.2 0
 1: -- Off SCHED Completion: 4 30 53 4
 1: -- Off SCHED LGR:""
 1: -- Off SCHED Compdat: 0.2 0
 1: -- Off SCHED Completion: 5 30 53 5
 1: -- Off SCHED LGR:""
 1: -- Off SCHED Compdat: 0.2 0
 1: -- Off SCHED Completion: 6 30 53 6
 1: -- Off SCHED LGR:""
 1: -- Off SCHED Compdat: 0.2 0
 1: -- Off SCHED Completion: 7 30 53 7
 1: -- Off SCHED LGR:""
 1: -- Off SCHED Compdat: 0.2 0
 1: -- Off SCHED Well: 3 2 35 0 1 0 7
 1: -- Off SCHED Name: "INJECT3" ""
 1: -- Off SCHED Completion: 1 2 35 1
 1: -- Off SCHED LGR:""
 1: -- Off SCHED Compdat: 0.2 0
 1: -- Off SCHED Completion: 2 2 35 2
 1: -- Off SCHED LGR:""
 1: -- Off SCHED Compdat: 0.2 0
 1: -- Off SCHED Completion: 3 2 35 3
 1: -- Off SCHED LGR:""
 1: -- Off SCHED Compdat: 0.2 0
 1: -- Off SCHED Completion: 4 2 35 4
 1: -- Off SCHED LGR:""
 1: -- Off SCHED Compdat: 0.2 0
 1: -- Off SCHED Completion: 5 2 35 5
 1: -- Off SCHED LGR:""
 1: -- Off SCHED Compdat: 0.2 0
 1: -- Off SCHED Completion: 6 2 35 6
 1: -- Off SCHED LGR:""
 1: -- Off SCHED Compdat: 0.2 0
 1: -- Off SCHED Completion: 7 2 35 7
 1: -- Off SCHED LGR:""
 1: -- Off SCHED Compdat: 0.2 0
 1: -- Off SCHED Well: 4 27 29 0 1 0 7
 1: -- Off SCHED Name: "INJECT4" ""
 1: -- Off SCHED Completion: 1 27 29 1
 1: -- Off SCHED LGR:""
 1: -- Off SCHED Compdat: 0.2 0
 1: -- Off SCHED Completion: 2 27 29 2
 1: -- Off SCHED LGR:""
 1: -- Off SCHED Compdat: 0.2 0
 1: -- Off SCHED Completion: 3 27 29 3
 1: -- Off SCHED LGR:""
 1: -- Off SCHED Compdat: 0.2 0
 1: -- Off SCHED Completion: 4 27 29 4
 1: -- Off SCHED LGR:""
 1: -- Off SCHED Compdat: 0.2 0
 1: -- Off SCHED Completion: 5 27 29 5
 1: -- Off SCHED LGR:""
 1: -- Off SCHED Compdat: 0.2 0
 1: -- Off SCHED Completion: 6 27 29 6
 1: -- Off SCHED LGR:""
 1: -- Off SCHED Compdat: 0.2 0
 1: -- Off SCHED Completion: 7 27 29 7
 1: -- Off SCHED LGR:""
 1: -- Off SCHED Compdat: 0.2 0
 1: -- Off SCHED Well: 5 50 35 0 1 0 7
 1: -- Off SCHED Name: "INJECT5" ""
 1: -- Off SCHED Completion: 1 50 35 1
 1: -- Off SCHED LGR:""
 1: -- Off SCHED Compdat: 0.2 0
 1: -- Off SCHED Completion: 2 50 35 2
 1: -- Off SCHED LGR:""
 1: -- Off SCHED Compdat: 0.2 0
 1: -- Off SCHED Completion: 3 50 35 3
 1: -- Off SCHED LGR:""
 1: -- Off SCHED Compdat: 0.2 0
 1: -- Off SCHED Completion: 4 50 35 4
 1: -- Off SCHED LGR:""
 1: -- Off SCHED Compdat: 0.2 0
 1: -- Off SCHED Completion: 5 50 35 5
 1: -- Off SCHED LGR:""
 1: -- Off SCHED Compdat: 0.2 0
 1: -- Off SCHED Completion: 6 50 35 6
 1: -- Off SCHED LGR:""
 1: -- Off SCHED Compdat: 0.2 0
 1: -- Off SCHED Completion: 7 50 35 7
 1: -- Off SCHED LGR:""
 1: -- Off SCHED Compdat: 0.2 0
 1: -- Off SCHED Well: 6 8 9 0 1 0 7
 1: -- Off SCHED Name: "INJECT6" ""
 1: -- Off SCHED Completion: 1 8 9 1
 1: -- Off SCHED LGR:""
 1: -- Off SCHED Compdat: 0.2 0
 1: -- Off SCHED Completion: 2 8 9 2
 1: -- Off SCHED LGR:""
 1: -- Off SCHED Compdat: 0.2 0
 1: -- Off SCHED Completion: 3 8 9 3
 1: -- Off SCHED LGR:""
 1: -- Off SCHED Compdat: 0.2 0
 1: -- Off SCHED Completion: 4 8 9 4
 1: -- Off SCHED LGR:""
 1: -- Off SCHED Compdat: 0.2 0
 1: -- Off SCHED Completion: 5 8 9 5
 1: -- Off SCHED LGR:""
 1: -- Off SCHED Compdat: 0.2 0
 1: -- Off SCHED Completion: 6 8 9 6
 1: -- Off SCHED LGR:""
 1: -- Off SCHED Compdat: 0.2 0
 1: -- Off SCHED Completion: 7 8 9 7
 1: -- Off SCHED LGR:""
 1: -- Off SCHED Compdat: 0.2 0
 1: -- Off SCHED Well: 7 32 2 0 1 0 7
 1: -- Off SCHED Name: "INJECT7" ""
 1: -- Off SCHED Completion: 1 32 2 1
 1: -- Off SCHED LGR:""
 1: -- Off SCHED Compdat: 0.2 0
 1: -- Off SCHED Completion: 2 32 2 2
 1: -- Off SCHED LGR:""
 1: -- Off SCHED Compdat: 0.2 0
 1: -- Off SCHED Completion: 3 32 2 3
 1: -- Off SCHED LGR:""
 1: -- Off SCHED Compdat: 0.2 0
 1: -- Off SCHED Completion: 4 32 2 4
 1: -- Off SCHED LGR:""
 1: -- Off SCHED Compdat: 0.2 0
 1: -- Off SCHED Completion: 5 32 2 5
 1: -- Off SCHED LGR:""
 1: -- Off SCHED Compdat: 0.2 0
 1: -- Off SCHED Completion: 6 32 2 6
 1: -- Off SCHED LGR:""
 1: -- Off SCHED Compdat: 0.2 0
 1: -- Off SCHED Completion: 7 32 2 7
 1: -- Off SCHED LGR:""
 1: -- Off SCHED Compdat: 0.2 0
 1: -- Off SCHED Well: 8 57 6 0 1 0 7
 1: -- Off SCHED Name: "INJECT8" ""
 1: -- Off SCHED Completion: 1 57 6 1
 1: -- Off SCHED LGR:""
 1: -- Off SCHED Compdat: 0.2 0
 1: -- Off SCHED Completion: 2 57 6 2
 1: -- Off SCHED LGR:""
 1: -- Off SCHED Compdat: 0.2 0
 1: -- Off SCHED Completion: 3 57 6 3
 1: -- Off SCHED LGR:""
 1: -- Off SCHED Compdat: 0.2 0
 1: -- Off SCHED Completion: 4 57 6 4
 1: -- Off SCHED LGR:""
 1: -- Off SCHED Compdat: 0.2 0
 1: -- Off SCHED Completion: 5 57 6 5
 1: -- Off SCHED LGR:""
 1: -- Off SCHED Compdat: 0.2 0
 1: -- Off SCHED Completion: 6 57 6 6
 1: -- Off SCHED LGR:""
 1: -- Off SCHED Compdat: 0.2 0
 1: -- Off SCHED Completion: 7 57 6 7
 1: -- Off SCHED LGR:""
 1: -- Off SCHED Compdat: 0.2 0
 1: -- Off SCHED Well: 9 16 43 100 10 0 7
 1: -- Off SCHED Name: "PROD1" ""
 1: -- Off SCHED Completion: 1 16 43 1
 1: -- Off SCHED LGR:""
 1: -- Off SCHED Compdat: 0.2 0
 1: -- Off SCHED Completion: 2 16 43 2
 1: -- Off SCHED LGR:""
 1: -- Off SCHED Compdat: 0.2 0
 1: -- Off SCHED Completion: 3 16 43 3
 1: -- Off SCHED LGR:""
 1: -- Off SCHED Compdat: 0.2 0
 1: -- Off SCHED Completion: 4 16 43 4
 1: -- Off SCHED LGR:""
 1: -- Off SCHED Compdat: 0.2 0
 1: -- Off SCHED Completion: 5 16 43 5
 1: -- Off SCHED LGR:""
 1: -- Off SCHED Compdat: 0.2 0
 1: -- Off SCHED Completion: 6 16 43 6
 1: -- Off SCHED LGR:""
 1: -- Off SCHED Compdat: 0.2 0
 1: -- Off SCHED Completion: 7 16 43 7
 1: -- Off SCHED LGR:""
 1: -- Off SCHED Compdat: 0.2 0
 1: -- Off SCHED Well: 10 35 40 100 10 0 7
 1: -- Off SCHED Name: "PROD2" ""
 1: -- Off SCHED Completion: 1 35 40 1
 1: -- Off SCHED LGR:""
 1: -- Off SCHED Compdat: 0.2 0
 1: -- Off SCHED Completion: 2 35 40 2
 1: -- Off SCHED LGR:""
 1: -- Off SCHED Compdat: 0.2 0
 1: -- Off SCHED Completion: 3 35 40 3
 1: -- Off SCHED LGR:""
 1: -- Off SCHED Compdat: 0.2 0
 1: -- Off SCHED Completion: 4 35 40 4
 1: -- Off SCHED LGR:""
 1: -- Off SCHED Compdat: 0.2 0
 1: -- Off SCHED Completion: 5 35 40 5
 1: -- Off SCHED LGR:""
 1: -- Off SCHED Compdat: 0.2 0
 1: -- Off SCHED Completion: 6 35 40 6
 1: -- Off SCHED LGR:""
 1: -- Off SCHED Compdat: 0.2 0
 1: -- Off SCHED Completion: 7 35 40 7
 1: -- Off SCHED LGR:""
 1: -- Off SCHED Compdat: 0.2 0
 1: -- Off SCHED Well: 11 23 16 100 10 0 7
 1: -- Off SCHED Name: "PROD3" ""
 1: -- Off SCHED Completion: 1 23 16 1
 1: -- Off SCHED LGR:""
 1: -- Off SCHED Compdat: 0.2 0
 1: -- Off SCHED Completion: 2 23 16 2
 1: -- Off SCHED LGR:""
 1: -- Off SCHED Compdat: 0.2 0
 1: -- Off SCHED Completion: 3 23 16 3
 1: -- Off SCHED LGR:""
 1: -- Off SCHED Compdat: 0.2 0
 1: -- Off SCHED Completion: 4 23 16 4
 1: -- Off SCHED LGR:""
 1: -- Off SCHED Compdat: 0.2 0
 1: -- Off SCHED Completion: 5 23 16 5
 1: -- Off SCHED LGR:""
 1: -- Off SCHED Compdat: 0.2 0
 1: -- Off SCHED Completion: 6 23 16 6
 1: -- Off SCHED LGR:""
 1: -- Off SCHED Compdat: 0.2 0
 1: -- Off SCHED Completion: 7 23 16 7
 1: -- Off SCHED LGR:""
 1: -- Off SCHED Compdat: 0.2 0
 1: -- Off SCHED Well: 12 43 18 100 10 0 7
 1: -- Off SCHED Name: "PROD4" ""
 1: -- Off SCHED Completion: 1 43 18 1
 1: -- Off SCHED LGR:""
 1: -- Off SCHED Compdat: 0.2 0
 1: -- Off SCHED Completion: 2 43 18 2
 1: -- Off SCHED LGR:""
 1: -- Off SCHED Compdat: 0.2 0
 1: -- Off SCHED Completion: 3 43 18 3
 1: -- Off SCHED LGR:""
 1: -- Off SCHED Compdat: 0.2 0
 1: -- Off SCHED Completion: 4 43 18 4
 1: -- Off SCHED LGR:""
 1: -- Off SCHED Compdat: 0.2 0
 1: -- Off SCHED Completion: 5 43 18 5
 1: -- Off SCHED LGR:""
 1: -- Off SCHED Compdat: 0.2 0
 1: -- Off SCHED Completion: 6 43 18 6
 1: -- Off SCHED LGR:""
 1: -- Off SCHED Compdat: 0.2 0
 1: -- Off SCHED Completion: 7 43 18 7
 1: -- Off SCHED LGR:""
 1: -- Off SCHED Compdat: 0.2 0
 1: -- Off SCHED Groups:          1
 1: -- Off SCHED Group: "1"
 1: -- Off SCHED Times:          2
 1: -- Off SCHED Date: 15 6 2011 0
 1: -- Off SCHED Time: 0 0
 1: -- Off SCHED Date: 16 6 2011 0
 1: -- Off SCHED Time: 1 1
 1: -- Off SCHED END: 16 6 2011
 1: 
 1: ECHO
 1: 
 1: -- <-> SOLUTION Section
 1: -- <+> SUMMARY Section
 1: -- <+> SCHEDULE 7/7/2011 (0 days)
 1: RPTSCHED
 1: FIP WELSPECS WELLS /
 1: 
 1: RPTRST
 1: BASIC=2/
 1: 
 1: WELSPECS
 1: 'INJECT1' '1' 5 57 1* 'WATER' 9* 'STD' /
 1:  /
 1: 
 1: WELSPECS
 1: 'INJECT2' '1' 30 53 1* 'WATER' 9* 'STD' /
 1:  /
 1: 
 1: WELSPECS
 1: 'INJECT3' '1' 2 35 1* 'WATER' 9* 'STD' /
 1:  /
 1: 
 1: WELSPECS
 1: 'INJECT4' '1' 27 29 1* 'WATER' 9* 'STD' /
 1:  /
 1: 
 1: WELSPECS
 1: 'INJECT5' '1' 50 35 1* 'WATER' 9* 'STD' /
 1:  /
 1: 
 1: WELSPECS
 1: 'INJECT6' '1' 8 9 1* 'WATER' 9* 'STD' /
 1:  /
 1: 
 1: 
 1: 
 1: WELSPECS
 1: 'PROD1' '1' 16 43 1* 'OIL' 9* 'STD' /
 1:  /
 1: 
 1: WELSPECS
 1: 'PROD2' '1' 35 40 1* 'OIL' 9* 'STD' /
 1:  /
 1: 
 1: WELSPECS
 1: 'PROD3' '1' 23 16 1* 'OIL' 9* 'STD' /
 1:  /
 1: 
 1: WELSPECS
 1: 'PROD4' '1' 43 18 1* 'OIL' 9* 'STD' /
 1:  /
 1: 
 1: COMPDAT
 1: 'INJECT1' 2* 1 7 'OPEN' 2* 0.2 1* 0 3* /
 1:  /
 1: 
 1: COMPDAT
 1: 'INJECT2' 2* 1 7 'OPEN' 2* 0.2 1* 0 3* /
 1:  /
 1: 
 1: COMPDAT
 1: 'INJECT3' 2* 1 7 'OPEN' 2* 0.2 1* 0 3* /
 1:  /
 1: 
 1: COMPDAT
 1: 'INJECT4' 2* 1 7 'OPEN' 2* 0.2 1* 0 3* /
 1:  /
 1: 
 1: COMPDAT
 1: 'INJECT5' 2* 1 7 'OPEN' 2* 0.2 1* 0 3* /
 1:  /
 1: 
 1: COMPDAT
 1: 'INJECT6' 2* 1 7 'OPEN' 2* 0.2 1* 0 3* /
 1:  /
 1: 
 1: 
 1: COMPDAT
 1: 'PROD1' 2* 1 7 'OPEN' 2* 0.2 1* 0 3* /
 1:  /
 1: 
 1: COMPDAT
 1: 'PROD2' 2* 1 7 'OPEN' 2* 0.2 1* 0 3* /
 1:  /
 1: 
 1: COMPDAT
 1: 'PROD3' 2* 1 7 'OPEN' 2* 0.2 1* 0 3* /
 1:  /
 1: 
 1: COMPDAT
 1: 'PROD4' 2* 1 7 'OPEN' 2* 0.2 1* 0 3* /
 1:  /
 1: 
 1: WCONPROD
 1: 'PROD1' 'OPEN' 'BHP' 5* 395 3* 6* 1* /
 1:  /
 1: 
 1: WCONPROD
 1: 'PROD3' 'OPEN' 'BHP' 5* 395 3* 6* 1* /
 1:  /
 1: 
 1: WCONPROD
 1: 'PROD2' 'OPEN' 'BHP' 5* 395 3* 6* 1* /
 1:  /
 1: 
 1: WCONPROD
 1: 'PROD4' 'OPEN' 'BHP' 5* 395 3* 6* 1* /
 1:  /
 1: 
 1: WCONINJE
 1: 'INJECT1' 'WATER' 'OPEN' 'RATE' 94.3121484475446 1* 420 7* /
 1:  /
 1: 
 1: WCONINJE
 1: 'INJECT2' 'WATER' 'OPEN' 'RATE' 14.6550172943236 1* 420 7* /
 1:  /
 1: 
 1: WCONINJE
 1: 'INJECT3' 'WATER' 'OPEN' 'RATE' 44.3800672689419 1* 420 7* /
 1:  /
 1: 
 1: WCONINJE
 1: 'INJECT4' 'WATER' 'OPEN' 'RATE' 7.45016989350206 1* 420 7* /
 1:  /
 1: 
 1: WCONINJE
 1: 'INJECT5' 'WATER' 'OPEN' 'RATE' 6.90376882935382 1* 420 7* /
 1:  /
 1: 
 1: WCONINJE
 1: 'INJECT6' 'WATER' 'OPEN' 'RATE' 80.5029119726098 1* 420 7* /
 1:  /
 1: 
 1: 
 1: 
 1: TUNING
 1: 
 1: TSTEP
 1: 1 /
 1: 
 1: END
 1: 

 ******** END OF INCLUDED FILE 

 0: 
 0: 
 0: END

 ******** END OF INPUT DATA FOR RUN EGG
     1 READING RUNSPEC 
     2 READING TITLE   
     3 READING START   
     4 READING METRIC  
     5 READING FMTIN   
     6 READING FMTOUT  
     7 READING GAS     
     8 READING OIL     
     9 READING WATER   
    10 READING SAVE    
    11 READING MESSAGES
    12 READING MONITOR 
    13 READING RSSPEC  
    14 READING NOINSPEC
    15 READING MSGFILE 
    16 READING AQUDIMS 
    17 READING DIMENS  
    18 READING EQLDIMS 
    19 READING REGDIMS 
    20 READING TABDIMS 
    21 READING WELLDIMS
    22 READING GRID    

 @--MESSAGE  AT TIME        0.0   DAYS    (15-JUN-2011):
 @           CHECKING FOR LICENSES                                           

 @--MESSAGE  AT TIME        0.0   DAYS    (15-JUN-2011):
 @           CHECKING FOR LICENSES                                           

 @--MESSAGE  AT TIME        0.0   DAYS    (15-JUN-2011):
 @           THE MEMORY REQUIRED TO PROCESS THE GRID SECTION IS              
 @                11353 KBYTES                                               
    24 READING GRIDFILE
    25 READING INIT    
    26 READING INCLUDE EGG_GOPP.INC                                                                                                                        
               END OF INCLUDE FILE 
    27 READING INCLUDE EGG_GGO.INC                                                                                                                         
    28 READING ECHO    
    29 READING GRIDUNIT
    30 READING MAPAXES 
    31 READING NOECHO  
    32 READING DX      
    33 READING DY      
    34 READING DZ      
    35 READING TOPS    
               END OF INCLUDE FILE 
    36 READING INCLUDE EGG_GPRO.INC                                                                                                                        
    37 READING NOECHO  
    38 READING ACTNUM  
    39 READING PERMX   
    40 READING ECHO    
    41 READING COPY    
    42 READING COPY    
    43 READING MULTIPLY
    44 READING NOECHO  
    45 READING NTG     
    46 READING PORO    
               END OF INCLUDE FILE 
    47 READING INCLUDE EGG_GOTH.INC                                                                                                                        
               END OF INCLUDE FILE 
    48 READING PROPS   

 @--WARNING  AT TIME        0.0   DAYS    (15-JUN-2011):
 @           FLUX FLAG SET IN RUNSPEC BUT FLUXNUM KEYWORD                    
 @           NOT USED -- SAVE SPACE BY SETTING NTFREG = 0                    
 @           IN RUNSPEC KEYWORD REGDIMS.                                     

 @--MESSAGE  AT TIME        0.0   DAYS    (15-JUN-2011):
 @           NEITHER OLDTRAN,OLDTRANR NOR NEWTRAN SPECIFIED                  
 @           BLOCK CENTRE TRANSMISSIBILITIES TO BE CALCULATED                
 @           USING  OLDTRAN                                                  

 @--COMMENT  AT TIME        0.0   DAYS    (15-JUN-2011):
 @           NO NON-NEIGHBOUR CONNECTIONS FOUND                              

 @--MESSAGE  AT TIME        0.0   DAYS    (15-JUN-2011):
 @           NUMBER OF ACTIVE CELLS IS 18553                                 

 @--MESSAGE  AT TIME        0.0   DAYS    (15-JUN-2011):
 @           THE MEMORY REQUIRED TO PROCESS THE SOLUTION SECTION IS          
 @                30977 KBYTES                                               

 @--MESSAGE  AT TIME        0.0   DAYS    (15-JUN-2011):
 @              62395 CHARACTER VARIABLES USED                               
    49 READING INCLUDE EGG_PVT.INC                                                                                                                         
    50 READING ECHO    
    51 READING DENSITY 
    52 READING PVDO    
    53 READING PVDG    
    54 READING PVTW    

 @--WARNING  AT TIME        0.0   DAYS    (15-JUN-2011):
 @           SPURIOUS DATA BEFORE ECHO     KEYWORD                           
 @           /                                                               
    55 READING ECHO    
    56 READING ROCK    
               END OF INCLUDE FILE 
    57 READING INCLUDE EGG_SCAL.INC                                                                                                                        
    58 READING ECHO    
    59 READING SWOF    
    60 READING SGOF    
               END OF INCLUDE FILE 
    61 READING REGIONS 
    62 READING INCLUDE EGG_REG.INC                                                                                                                         
               END OF INCLUDE FILE 
    63 READING SOLUTION

 @--MESSAGE  AT TIME        0.0   DAYS    (15-JUN-2011):
 @           SAVE FILE HAS BEEN WRITTEN.                                     
    64 READING INCLUDE EGG_INIT.INC                                                                                                                        
    65 READING ECHO    
    66 READING EQUIL   
    67 READING ECHO    
    68 READING RPTSOL  
               END OF INCLUDE FILE 
    69 READING SUMMARY 
    70 READING INCLUDE EGG_SUM.INC                                                                                                                         
    71 READING EXCEL   
    72 READING RPTONLY 
    73 READING WLPR    
    74 READING WSTAT   
    75 READING WWGR    
    76 READING GWGR    
    77 READING WWCT    
    78 READING GWCT    
    79 READING WTHP    
    80 READING TIMESTEP
    81 READING WVPR    
    82 READING GVPR    
    83 READING WVPT    
    84 READING GVPT    
    85 READING FWPR    
    86 READING FWPT    
    87 READING WVIR    
    88 READING GVIR    
    89 READING WVIT    
    90 READING GVIT    
    91 READING WPI     
    92 READING WWPR    
    93 READING GWPR    
    94 READING WOPR    
    95 READING FOPR    
    96 READING FOPT    
    97 READING GOPR    
    98 READING WGPR    
    99 READING GGPR    
   100 READING WEPR    
   101 READING WWPT    
   102 READING GWPT    
   103 READING WOPT    
   104 READING GOPT    
   105 READING WGPT    
   106 READING GGPT    
   107 READING WWIR    
   108 READING GWIR    
   109 READING WOIR    
   110 READING GOIR    
   111 READING WGIR    
   112 READING GGIR    
   113 READING WWIT    
   114 READING GWIT    
   115 READING FGPR    
   116 READING FGPT    
   117 READING WOIT    
   118 READING GOIT    
   119 READING WGIT    
   120 READING FWIR    
   121 READING FWIT    
   122 READING GGIT    
   123 READING WGOR    
   124 READING GGOR    
   125 READING WBHP    
   126 READING WBP9    
   127 READING FPR     
   128 READING FGIR    
   129 READING FGIT    
               END OF INCLUDE FILE 
   130 READING SCHEDULE
   131 READING INCLUDE EGG_SCH.INC                                                                                                                         
   132 READING ECHO    
   133 READING RPTSCHED
   134 READING RPTRST  
   135 READING WELSPECS
   136 READING WELSPECS
   137 READING WELSPECS
   138 READING WELSPECS
   139 READING WELSPECS
   140 READING WELSPECS
   141 READING WELSPECS
   142 READING WELSPECS
   143 READING WELSPECS
   144 READING WELSPECS
   145 READING COMPDAT 
   146 READING COMPDAT 
   147 READING COMPDAT 
   148 READING COMPDAT 
   149 READING COMPDAT 
   150 READING COMPDAT 
   151 READING COMPDAT 
   152 READING COMPDAT 
   153 READING COMPDAT 
   154 READING COMPDAT 
   155 READING WCONPROD

 @--MESSAGE  AT TIME        0.0   DAYS    (15-JUN-2011):
 @           OPENING WELL PROD1    AT TIME      0.00   DAYS                  
 @           CONTROLLED BY BOTTOM HOLE PRESSURE                              
   156 READING WCONPROD

 @--MESSAGE  AT TIME        0.0   DAYS    (15-JUN-2011):
 @           OPENING WELL PROD3    AT TIME      0.00   DAYS                  
 @           CONTROLLED BY BOTTOM HOLE PRESSURE                              
   157 READING WCONPROD

 @--MESSAGE  AT TIME        0.0   DAYS    (15-JUN-2011):
 @           OPENING WELL PROD2    AT TIME      0.00   DAYS                  
 @           CONTROLLED BY BOTTOM HOLE PRESSURE                              
   158 READING WCONPROD

 @--MESSAGE  AT TIME        0.0   DAYS    (15-JUN-2011):
 @           OPENING WELL PROD4    AT TIME      0.00   DAYS                  
 @           CONTROLLED BY BOTTOM HOLE PRESSURE                              
   159 READING WCONINJE

 @--MESSAGE  AT TIME        0.0   DAYS    (15-JUN-2011):
 @           OPENING WELL INJECT1  AT TIME      0.00   DAYS                  
 @           CONTROLLED BY WATER RATE                                        
   160 READING WCONINJE

 @--MESSAGE  AT TIME        0.0   DAYS    (15-JUN-2011):
 @           OPENING WELL INJECT2  AT TIME      0.00   DAYS                  
 @           CONTROLLED BY WATER RATE                                        
   161 READING WCONINJE

 @--MESSAGE  AT TIME        0.0   DAYS    (15-JUN-2011):
 @           OPENING WELL INJECT3  AT TIME      0.00   DAYS                  
 @           CONTROLLED BY WATER RATE                                        
   162 READING WCONINJE

 @--MESSAGE  AT TIME        0.0   DAYS    (15-JUN-2011):
 @           OPENING WELL INJECT4  AT TIME      0.00   DAYS                  
 @           CONTROLLED BY WATER RATE                                        
   163 READING WCONINJE

 @--MESSAGE  AT TIME        0.0   DAYS    (15-JUN-2011):
 @           OPENING WELL INJECT5  AT TIME      0.00   DAYS                  
 @           CONTROLLED BY WATER RATE                                        
   164 READING WCONINJE

 @--MESSAGE  AT TIME        0.0   DAYS    (15-JUN-2011):
 @           OPENING WELL INJECT6  AT TIME      0.00   DAYS                  
 @           CONTROLLED BY WATER RATE                                        
   165 READING TUNING  
   166 READING TSTEP   
1                             **********************************************************************   1
  WELSPECS AT      0.00  DAYS *VEM                                                                     * ECLIPSE  VERSION 2016.1     
  REPORT   0    15 JUN 2011   *  RUN                                                                   * RUN AT 20:13 ON 12 MAR 2023 
                              **************************************************************************


                                                       WELL SPECIFICATION DATA
                                                       -----------------------

      -------------------------------------------------------------------------------------------------------------------------
      :   WELL   :   GROUP  : WELLHEAD :  B.H.REF : PREF- : DRAINAGE : GAS  : SHUT-IN : CROSS : PVT : WELL : FIP :    WELL    :
      :   NAME   :   NAME   : LOCATION :   DEPTH  : ERRED :  RADIUS  : INFL : INSTRCT : FLOW  : TAB : DENS : REG :  D-FACTOR  :
      :          :          : ( I, J ) :  METRES  : PHASE :  METRES  : EQUN :         : ABLTY :     : CALC :     :   DAY/SM3  :
      -------------------------------------------------------------------------------------------------------------------------
      : INJECT1  : 1        :   5,  57 :   4002.0 :  WAT  : P.EQIV.R : STD  :   SHUT  :  YES  :  1  :  SEG :  0  :          0 :
      : INJECT2  : 1        :  30,  53 :   4002.0 :  WAT  : P.EQIV.R : STD  :   SHUT  :  YES  :  1  :  SEG :  0  :          0 :
      : INJECT3  : 1        :   2,  35 :   4002.0 :  WAT  : P.EQIV.R : STD  :   SHUT  :  YES  :  1  :  SEG :  0  :          0 :
      : INJECT4  : 1        :  27,  29 :   4002.0 :  WAT  : P.EQIV.R : STD  :   SHUT  :  YES  :  1  :  SEG :  0  :          0 :
      : INJECT5  : 1        :  50,  35 :   4002.0 :  WAT  : P.EQIV.R : STD  :   SHUT  :  YES  :  1  :  SEG :  0  :          0 :
      : INJECT6  : 1        :   8,   9 :   4002.0 :  WAT  : P.EQIV.R : STD  :   SHUT  :  YES  :  1  :  SEG :  0  :          0 :
      : PROD1    : 1        :  16,  43 :   4002.0 :  OIL  : P.EQIV.R : STD  :   SHUT  :  YES  :  1  :  SEG :  0  :          0 :
      : PROD2    : 1        :  35,  40 :   4002.0 :  OIL  : P.EQIV.R : STD  :   SHUT  :  YES  :  1  :  SEG :  0  :          0 :
      : PROD3    : 1        :  23,  16 :   4002.0 :  OIL  : P.EQIV.R : STD  :   SHUT  :  YES  :  1  :  SEG :  0  :          0 :
      : PROD4    : 1        :  43,  18 :   4002.0 :  OIL  : P.EQIV.R : STD  :   SHUT  :  YES  :  1  :  SEG :  0  :          0 :
      -------------------------------------------------------------------------------------------------------------------------


                                                         WELL CONNECTION DATA
                                                         --------------------

  ----------------------------------------------------------------------------------------------------------------------------------
  :  WELL   :    GRID    : CMPL:  CENTRE : OPEN: SAT :CONNECTION:  INT   :  K  H   :  SKIN  : CONNECTION : SATURATION SCALING DATA :
  :  NAME   :    BLOCK   :  NO#:  DEPTH  : SHUT: TAB :  FACTOR* :  DIAM  :  VALUE  : FACTOR :  D-FACTOR  : SWMIN SWMAX SGMIN SGMAX :
  :         :            :     :  METRES :     :     : CPM3/D/B : METRES : MD.METRE:        :   DAY/SM3  :                         :
  ----------------------------------------------------------------------------------------------------------------------------------
  : INJECT1 :   5, 57,  1:   1 :   4002.0: OPEN:  0  :    50.580:  0.2000:   2608.0:       0:           0:                         : 
  : INJECT1 :   5, 57,  2:   2 :   4006.0: OPEN:  0  :    31.822:  0.2000:   1640.8:       0:           0:                         : 
  : INJECT1 :   5, 57,  3:   3 :   4010.0: OPEN:  0  :    42.396:  0.2000:   2186.0:       0:           0:                         : 
  : INJECT1 :   5, 57,  4:   4 :   4014.0: OPEN:  0  :    29.968:  0.2000:   1545.2:       0:           0:                         : 
  : INJECT1 :   5, 57,  5:   5 :   4018.0: OPEN:  0  :    34.910:  0.2000:   1800.0:       0:           0:                         : 
  : INJECT1 :   5, 57,  6:   6 :   4022.0: OPEN:  0  :    39.743:  0.2000:   2049.2:       0:           0:                         : 
  : INJECT1 :   5, 57,  7:   7 :   4026.0: OPEN:  0  :    39.184:  0.2000:   2020.4:       0:           0:                         : 
  ----------------------------------------------------------------------------------------------------------------------------------
  : INJECT2 :  30, 53,  1:   1 :   4002.0: OPEN:  0  :    85.847:  0.2000:   4426.4:       0:           0:                         : 
  : INJECT2 :  30, 53,  2:   2 :   4006.0: OPEN:  0  :   100.664:  0.2000:   5190.4:       0:           0:                         : 
  : INJECT2 :  30, 53,  3:   3 :   4010.0: OPEN:  0  :    71.922:  0.2000:   3708.4:       0:           0:                         : 
  : INJECT2 :  30, 53,  4:   4 :   4014.0: OPEN:  0  :    84.800:  0.2000:   4372.4:       0:           0:                         : 
  : INJECT2 :  30, 53,  5:   5 :   4018.0: OPEN:  0  :    83.947:  0.2000:   4328.4:       0:           0:                         : 
  : INJECT2 :  30, 53,  6:   6 :   4022.0: OPEN:  0  :    70.293:  0.2000:   3624.4:       0:           0:                         : 
  : INJECT2 :  30, 53,  7:   7 :   4026.0: OPEN:  0  :    60.720:  0.2000:   3130.8:       0:           0:                         : 
  ----------------------------------------------------------------------------------------------------------------------------------
  : INJECT3 :   2, 35,  1:   1 :   4002.0: OPEN:  0  :    67.329:  0.2000:   3471.6:       0:           0:                         : 
  : INJECT3 :   2, 35,  2:   2 :   4006.0: OPEN:  0  :    78.283:  0.2000:   4036.4:       0:           0:                         : 
  : INJECT3 :   2, 35,  3:   3 :   4010.0: OPEN:  0  :    76.833:  0.2000:   3961.6:       0:           0:                         : 
  : INJECT3 :   2, 35,  4:   4 :   4014.0: OPEN:  0  :    45.654:  0.2000:   2354.0:       0:           0:                         : 
  : INJECT3 :   2, 35,  5:   5 :   4018.0: OPEN:  0  :    78.283:  0.2000:   4036.4:       0:           0:                         : 
  : INJECT3 :   2, 35,  6:   6 :   4022.0: OPEN:  0  :    62.659:  0.2000:   3230.8:       0:           0:                         : 
  : INJECT3 :   2, 35,  7:   7 :   4026.0: OPEN:  0  :    35.096:  0.2000:   1809.6:       0:           0:                         : 
  ----------------------------------------------------------------------------------------------------------------------------------
  : INJECT4 :  27, 29,  1:   1 :   4002.0: OPEN:  0  :    25.321:  0.2000:   1305.6:       0:           0:                         : 
  : INJECT4 :  27, 29,  2:   2 :   4006.0: OPEN:  0  :    33.482:  0.2000:   1726.4:       0:           0:                         : 
  : INJECT4 :  27, 29,  3:   3 :   4010.0: OPEN:  0  :    21.621:  0.2000:   1114.8:       0:           0:                         : 
  : INJECT4 :  27, 29,  4:   4 :   4014.0: OPEN:  0  :    24.483:  0.2000:   1262.4:       0:           0:                         : 
  : INJECT4 :  27, 29,  5:   5 :   4018.0: OPEN:  0  :    27.020:  0.2000:   1393.2:       0:           0:                         : 
  : INJECT4 :  27, 29,  6:   6 :   4022.0: OPEN:  0  :    32.249:  0.2000:   1662.8:       0:           0:                         : 
  : INJECT4 :  27, 29,  7:   7 :   4026.0: OPEN:  0  :    16.671:  0.2000:    859.6:       0:           0:                         : 
  ----------------------------------------------------------------------------------------------------------------------------------
  : INJECT5 :  50, 35,  1:   1 :   4002.0: OPEN:  0  :   110.827:  0.2000:   5714.4:       0:           0:                         : 
  : INJECT5 :  50, 35,  2:   2 :   4006.0: OPEN:  0  :   136.847:  0.2000:   7056.0:       0:           0:                         : 
  : INJECT5 :  50, 35,  3:   3 :   4010.0: OPEN:  0  :   149.313:  0.2000:   7698.8:       0:           0:                         : 
  : INJECT5 :  50, 35,  4:   4 :   4014.0: OPEN:  0  :   186.644:  0.2000:   9623.6:       0:           0:                         : 
  : INJECT5 :  50, 35,  5:   5 :   4018.0: OPEN:  0  :   149.313:  0.2000:   7698.8:       0:           0:                         : 
  : INJECT5 :  50, 35,  6:   6 :   4022.0: OPEN:  0  :   188.668:  0.2000:   9728.0:       0:           0:                         : 
  : INJECT5 :  50, 35,  7:   7 :   4026.0: OPEN:  0  :   104.815:  0.2000:   5404.4:       0:           0:                         : 
  ----------------------------------------------------------------------------------------------------------------------------------
  : INJECT6 :   8,  9,  1:   1 :   4002.0: OPEN:  0  :    52.078:  0.2000:   2685.2:       0:           0:                         : 
  : INJECT6 :   8,  9,  2:   2 :   4006.0: OPEN:  0  :    57.943:  0.2000:   2987.6:       0:           0:                         : 
  : INJECT6 :   8,  9,  3:   3 :   4010.0: OPEN:  0  :    58.230:  0.2000:   3002.4:       0:           0:                         : 
  : INJECT6 :   8,  9,  4:   4 :   4014.0: OPEN:  0  :    58.742:  0.2000:   3028.8:       0:           0:                         : 
  : INJECT6 :   8,  9,  5:   5 :   4018.0: OPEN:  0  :    47.291:  0.2000:   2438.4:       0:           0:                         : 
  : INJECT6 :   8,  9,  6:   6 :   4022.0: OPEN:  0  :    71.201:  0.2000:   3671.2:       0:           0:                         : 
  : INJECT6 :   8,  9,  7:   7 :   4026.0: OPEN:  0  :    40.775:  0.2000:   2102.4:       0:           0:                         : 
  ----------------------------------------------------------------------------------------------------------------------------------
  : PROD1   :  16, 43,  1:   1 :   4002.0: OPEN:  0  :    55.352:  0.2000:   2854.0:       0:           0:                         : 
  : PROD1   :  16, 43,  2:   2 :   4006.0: OPEN:  0  :    33.638:  0.2000:   1734.4:       0:           0:                         : 
  : PROD1   :  16, 43,  3:   3 :   4010.0: OPEN:  0  :    41.946:  0.2000:   2162.8:       0:           0:                         : 
  : PROD1   :  16, 43,  4:   4 :   4014.0: OPEN:  0  :    54.048:  0.2000:   2786.8:       0:           0:                         : 
  : PROD1   :  16, 43,  5:   5 :   4018.0: OPEN:  0  :    49.293:  0.2000:   2541.6:       0:           0:                         : 
  : PROD1   :  16, 43,  6:   6 :   4022.0: OPEN:  0  :    54.444:  0.2000:   2807.2:       0:           0:                         : 
  : PROD1   :  16, 43,  7:   7 :   4026.0: OPEN:  0  :    43.824:  0.2000:   2259.6:       0:           0:                         : 
  ----------------------------------------------------------------------------------------------------------------------------------
  : PROD2   :  35, 40,  1:   1 :   4002.0: OPEN:  0  :   204.161:  0.2000:  10526.8:       0:           0:                         : 
  : PROD2   :  35, 40,  2:   2 :   4006.0: OPEN:  0  :   285.819:  0.2000:  14737.2:       0:           0:                         : 
  : PROD2   :  35, 40,  3:   3 :   4010.0: OPEN:  0  :   326.655:  0.2000:  16842.8:       0:           0:                         : 
  : PROD2   :  35, 40,  4:   4 :   4014.0: OPEN:  0  :   408.321:  0.2000:  21053.6:       0:           0:                         : 
  : PROD2   :  35, 40,  5:   5 :   4018.0: OPEN:  0  :   326.655:  0.2000:  16842.8:       0:           0:                         : 
  : PROD2   :  35, 40,  6:   6 :   4022.0: OPEN:  0  :   285.819:  0.2000:  14737.2:       0:           0:                         : 
  : PROD2   :  35, 40,  7:   7 :   4026.0: OPEN:  0  :   204.161:  0.2000:  10526.8:       0:           0:                         : 
  ----------------------------------------------------------------------------------------------------------------------------------
  : PROD3   :  23, 16,  1:   1 :   4002.0: OPEN:  0  :    27.261:  0.2000:   1405.6:       0:           0:                         : 
  : PROD3   :  23, 16,  2:   2 :   4006.0: OPEN:  0  :    38.308:  0.2000:   1975.2:       0:           0:                         : 
  : PROD3   :  23, 16,  3:   3 :   4010.0: OPEN:  0  :    22.901:  0.2000:   1180.8:       0:           0:                         : 
  : PROD3   :  23, 16,  4:   4 :   4014.0: OPEN:  0  :    27.253:  0.2000:   1405.2:       0:           0:                         : 
  : PROD3   :  23, 16,  5:   5 :   4018.0: OPEN:  0  :    33.327:  0.2000:   1718.4:       0:           0:                         : 
  : PROD3   :  23, 16,  6:   6 :   4022.0: OPEN:  0  :    21.055:  0.2000:   1085.6:       0:           0:                         : 
  : PROD3   :  23, 16,  7:   7 :   4026.0: OPEN:  0  :    26.136:  0.2000:   1347.6:       0:           0:                         : 
  ----------------------------------------------------------------------------------------------------------------------------------
  : PROD4   :  43, 18,  1:   1 :   4002.0: OPEN:  0  :    50.022:  0.2000:   2579.2:       0:           0:                         : 
  : PROD4   :  43, 18,  2:   2 :   4006.0: OPEN:  0  :    34.747:  0.2000:   1791.6:       0:           0:                         : 
  : PROD4   :  43, 18,  3:   3 :   4010.0: OPEN:  0  :    37.679:  0.2000:   1942.8:       0:           0:                         : 
  : PROD4   :  43, 18,  4:   4 :   4014.0: OPEN:  0  :    53.722:  0.2000:   2770.0:       0:           0:                         : 
  : PROD4   :  43, 18,  5:   5 :   4018.0: OPEN:  0  :    61.915:  0.2000:   3192.4:       0:           0:                         : 
  : PROD4   :  43, 18,  6:   6 :   4022.0: OPEN:  0  :    49.425:  0.2000:   2548.4:       0:           0:                         : 
  : PROD4   :  43, 18,  7:   7 :   4026.0: OPEN:  0  :    35.616:  0.2000:   1836.4:       0:           0:                         : 
  ----------------------------------------------------------------------------------------------------------------------------------
  # COMPLETION NUMBERS IF COMPLUMP IS DEFINED, ALTERNATIVELY CONNECTION NUMBERS CORRESPONDING TO THE COMPDAT/COMPDATL ENTRIES.
  * CONNECTION FACTORS IN THE ABOVE TABLE DO NOT INCLUDE MODIFIERS FOR ROCK COMPACTION, SCALE DAMAGE AND PI MULTIPLIER TABLES.
    SEE SUMMARY OUTPUT FOR MODIFIED CONNECTION FACTORS.


                                                     PRODUCTION WELL CONTROL DATA
                                                     ----------------------------

               -------------------------------------------------------------------------------------------------------
               :  WELL  :OPEN:CTRL:                        TARGET OR LIMITING                         :PRD:ARTIFICIAL:
               :  NAME  :SHUT:MODE: OIL RATE: WAT RATE: GAS RATE: LIQ RATE: RES V RT: B.H.P. : T.H.P. :VFP:   LIFT   :
               :        :    :    :  SM3/DAY:  SM3/DAY:  SM3/DAY:  SM3/DAY:  RM3/DAY:  BARSA :  BARSA :TAB:          :
               -------------------------------------------------------------------------------------------------------
               :PROD1   :OPEN:BHP :         :         :         :         :         :   395.0:        :   :          :
               :PROD2   :OPEN:BHP :         :         :         :         :         :   395.0:        :   :          :
               :PROD3   :OPEN:BHP :         :         :         :         :         :   395.0:        :   :          :
               :PROD4   :OPEN:BHP :         :         :         :         :         :   395.0:        :   :          :
               -------------------------------------------------------------------------------------------------------


                                                  GROUP PRODUCTION CONTROL OF WELLS
                                                  ---------------------------------

                ----------------------------------------------------------------------------------------------------
                :   WELL   :AVAIL:  CONTROL BY GUIDE RATE ::     WELL PRIORITY ONE     :     WELL PRIORITY TWO     :
                :   NAME   :-ABLE:  GUIDE RATE  :G.R.MULT-::FROM: FIXED VALUE: PRIORITY:FROM: FIXED VALUE: PRIORITY:
                :          :  ?  :              : IPLIER  ::EQUN:            : MULITPLY:EQUN:            : MULTIPLY:
                ----------------------------------------------------------------------------------------------------
                : PROD1    : YES :              :         ::    :            :         :    :            :         :                                
                : PROD2    : YES :              :         ::    :            :         :    :            :         :                                
                : PROD3    : YES :              :         ::    :            :         :    :            :         :                                
                : PROD4    : YES :              :         ::    :            :         :    :            :         :                                
                ----------------------------------------------------------------------------------------------------


                                                     INJECTION WELL CONTROL DATA
                                                     ---------------------------

 -----------------------------------------------------------------------------------------------------------------------------------
 :   WELL   : WELL : OPEN : CTRL :           TARGET  OR  MAXIMUM           : INJ :  INJECTED   :    GROUP CONTROL    :MINIMUM : MIN:
 :   NAME   : TYPE : SHUT : MODE : SURF RATE: RESV RATE:  B.H.P. :  T.H.P. : VFP : GOR OR OGR  : AVAIL:  GUIDE RATE  :ECONOMIC:RATE:
 :          :      :      :      :  SM3/DAY :  RM3/DAY :   BARSA :   BARSA : TAB : GOR- SM3/SM3: -ABLE:              :  RATE  : IS :
 :          :      :      :      :  SM3/DAY :          :         :         :     : OGR- SM3/SM3:      :              :        :    :
 -----------------------------------------------------------------------------------------------------------------------------------
 : INJECT1  :  WAT : OPEN : WRAT :       94 :          :   420.0 :         :     :           0 :  YES :              :        :    : 
 : INJECT2  :  WAT : OPEN : WRAT :       15 :          :   420.0 :         :     :           0 :  YES :              :        :    : 
 : INJECT3  :  WAT : OPEN : WRAT :       44 :          :   420.0 :         :     :           0 :  YES :              :        :    : 
 : INJECT4  :  WAT : OPEN : WRAT :        7 :          :   420.0 :         :     :           0 :  YES :              :        :    : 
 : INJECT5  :  WAT : OPEN : WRAT :        7 :          :   420.0 :         :     :           0 :  YES :              :        :    : 
 : INJECT6  :  WAT : OPEN : WRAT :       81 :          :   420.0 :         :     :           0 :  YES :              :        :    : 
 -----------------------------------------------------------------------------------------------------------------------------------

 @--MESSAGE  AT TIME        0.0   DAYS    (15-JUN-2011):
 @           RESTART FILE WRITTEN   REPORT     0                             
1                             **********************************************************************   2
  SIMULATE AT      0.00  DAYS *VEM                                                                     * ECLIPSE  VERSION 2016.1     
  REPORT   0    15 JUN 2011   *  RUN                                                                   * RUN AT 20:13 ON 12 MAR 2023 
                              **************************************************************************

 STEP    1 TIME=      2.40 HOURS (    +2.4 HOURS INIT  3 ITS) (15-JUN-2011)      
  PAV=   397.8  BARSA  WCT= 0.00 GOR= 0.00000   SM3/SM3 WGR= 0.00000   SM3/SM3   

 STEP    2 TIME=      5.91 HOURS (    +3.5 HOURS TRNC  3 ITS) (15-JUN-2011)      
  PAV=   396.5  BARSA  WCT= 0.00 GOR= 0.00000   SM3/SM3 WGR= 0.00000   SM3/SM3   

 STEP    3 TIME=     14.95 HOURS (    +9.0 HOURS HALF  3 ITS) (15-JUN-2011)      
  PAV=   396.1  BARSA  WCT= 0.00 GOR= 0.00000   SM3/SM3 WGR= 0.00000   SM3/SM3   

 STEP    4 TIME=      1.00  DAYS (    +9.0 HOURS REPT  3 ITS) (16-JUN-2011)      
  PAV=   396.0  BARSA  WCT= 0.00 GOR= 0.00000   SM3/SM3 WGR= 0.00000   SM3/SM3   
1                             **********************************************************************   3
  WELLS    AT      1.00  DAYS *VEM                                                                     * ECLIPSE  VERSION 2016.1     
  REPORT   1    16 JUN 2011   *  RUN                                                                   * RUN AT 20:13 ON 12 MAR 2023 
                              **************************************************************************


                                                          PRODUCTION REPORT
                                                          -----------------

------------------------------------------------------------------------------------------------------------------------------------
:  WELL  :  LOCATION :CTRL:    OIL    :   WATER   :    GAS    :   FLUID   :WATER: GAS/OIL: WAT/GAS: BHP OR : THP OR : STEADY-ST PI :
:  NAME  :  (I,J,K)  :MODE:    RATE   :   RATE    :    RATE   :  RES.VOL. : CUT :  RATIO :  RATIO : CON.PR.: BLK.PR.: OR POTN OF   :
: OR GRID:           :    :   SM3/DAY :   SM3/DAY :   SM3/DAY :   RM3/DAY :     : SM3/SM3: SM3/SM3:  BARSA :  BARSA : PREFERRED PH :
====================================================================================================================================
:        :           :    :           :           :           :           :     :        :        :        :        :              :
:FIELD               :    :      220.9:        0.0:        0.0:      282.7:0.000:    0.00:  0.0000:        :        :              :
====================================================================================================================================
:        :           :    :           :           :           :           :     :        :        :        :        :              :
:1         GROUP     :    :      220.9:        0.0:        0.0:      282.7:0.000:    0.00:  0.0000:        :        :              :
------------------------------------------------------------------------------------------------------------------------------------
:        :           :    :           :           :           :           :     :        :        :        :        :              :
:PROD1   : 16, 43    : BHP:       65.7:        0.0:        0.0:       84.2:0.000:    0.00:  0.0000:   395.0:     0.0:   415.2  O PI:
:        :           :    :           :           :           :           :     :        :        :        :        :              :
:PROD2   : 35, 40    : BHP:       96.4:        0.0:        0.0:      123.4:0.000:    0.00:  0.0000:   395.0:     0.0:  2549.2  O PI:
:        :           :    :           :           :           :           :     :        :        :        :        :              :
:PROD3   : 23, 16    : BHP:       33.8:        0.0:        0.0:       43.3:0.000:    0.00:  0.0000:   395.0:     0.0:   245.0  O PI:
:        :           :    :           :           :           :           :     :        :        :        :        :              :
:PROD4   : 43, 18    : BHP:       24.9:        0.0:        0.0:       31.8:0.000:    0.00:  0.0000:   395.0:     0.0:   403.5  O PI:
====================================================================================================================================


                                                          INJECTION  REPORT
                                                          -----------------

       -------------------------------------------------------------------------------------------------------------------------
       :  WELL  :  LOCATION :CTRL:CTRL:CTRL:    OIL    :   WATER   :    GAS    :   FLUID   : BHP OR : THP OR :   STEADY-STATE  :
       :  NAME  :  (I,J,K)  :MODE:MODE:MODE:    RATE   :   RATE    :    RATE   :  RES.VOL. : CON.PR.: BLK.PR.:       I.I.      :
       : OR GRID:           :OIL :WAT :GAS :   SM3/DAY :   SM3/DAY :   SM3/DAY :   RM3/DAY :  BARSA :  BARSA :   OR POTENTIAL  :
       =========================================================================================================================
       :        :           :    :    :    :           :           :           :           :        :        :                 :
       :FIELD               :    :    :    :        0.0:      248.2:        0.0:      269.5:        :        :                 :     
       =========================================================================================================================
       :        :           :    :    :    :           :           :           :           :        :        :                 :
       :1         GROUP     :    :    :    :        0.0:      248.2:        0.0:      269.5:        :        :                 :     
       -------------------------------------------------------------------------------------------------------------------------
       :        :           :    :    :    :           :           :           :           :        :        :                 :
       :INJECT1 :  5, 57    :    :WRAT:    :        0.0:       94.3:        0.0:      102.4:   397.0:     0.0:    91.5 SM3/D/B :     
       :        :           :    :    :    :           :           :           :           :        :        :                 :
       :INJECT2 : 30, 53    :    :WRAT:    :        0.0:       14.7:        0.0:       15.9:   395.1:     0.0:   251.6 SM3/D/B :     
       :        :           :    :    :    :           :           :           :           :        :        :                 :
       :INJECT3 :  2, 35    :    :WRAT:    :        0.0:       44.4:        0.0:       48.2:   395.5:     0.0:   286.2 SM3/D/B :     
       :        :           :    :    :    :           :           :           :           :        :        :                 :
       :INJECT4 : 27, 29    :    :WRAT:    :        0.0:        7.5:        0.0:        8.1:   395.1:     0.0:    94.9 SM3/D/B :     
       :        :           :    :    :    :           :           :           :           :        :        :                 :
       :INJECT5 : 50, 35    :    :WRAT:    :        0.0:        6.9:        0.0:        7.5:   395.0:     0.0:   359.1 SM3/D/B :     
       :        :           :    :    :    :           :           :           :           :        :        :                 :
       :INJECT6 :  8,  9    :    :WRAT:    :        0.0:       80.5:        0.0:       87.4:   396.2:     0.0:   142.8 SM3/D/B :     
       =========================================================================================================================


                                                CUMULATIVE PRODUCTION/INJECTION TOTALS
                                                --------------------------------------

    --------------------------------------------------------------------------------------------------------------------------------
    :  WELL  :  LOCATION :WELL:WELL:    OIL    :   WATER   :    GAS    :  RES.VOL. :    OIL    :   WATER   :    GAS    :  RES.VOL. :
    :  NAME  :  (I,J,K)  :TYPE:CTRL: PRODUCTION: PRODUCTION: PRODUCTION: PRODUCTION: INJECTION : INJECTION : INJECTION : INJECTION :
    : OR GRID:           :    :MODE:    KSM3   :    KSM3   :    KSM3   :    KRM3   :    KSM3   :    KSM3   :    KSM3   :    KRM3   :
    ================================================================================================================================
    :        :           :    :    :           :           :           :           :           :           :           :           :
    :FIELD               :    :    :        0.5:        0.0:        0.0:        0.6:        0.0:        0.2:        0.0:        0.3: 
    ================================================================================================================================
    :        :           :    :    :           :           :           :           :           :           :           :           :
    :1         GROUP     :    :    :        0.5:        0.0:        0.0:        0.6:        0.0:        0.2:        0.0:        0.3: 
    --------------------------------------------------------------------------------------------------------------------------------
    :        :           :    :    :           :           :           :           :           :           :           :           :
    :INJECT1 :  5, 57    :WINJ:WRAT:        0.0:        0.0:        0.0:        0.0:        0.0:        0.1:        0.0:        0.1: 
    :        :           :    :    :           :           :           :           :           :           :           :           :
    :INJECT2 : 30, 53    :WINJ:WRAT:        0.0:        0.0:        0.0:        0.0:        0.0:        0.0:        0.0:        0.0: 
    :        :           :    :    :           :           :           :           :           :           :           :           :
    :INJECT3 :  2, 35    :WINJ:WRAT:        0.0:        0.0:        0.0:        0.0:        0.0:        0.0:        0.0:        0.0: 
    :        :           :    :    :           :           :           :           :           :           :           :           :
    :INJECT4 : 27, 29    :WINJ:WRAT:        0.0:        0.0:        0.0:        0.0:        0.0:        0.0:        0.0:        0.0: 
    :        :           :    :    :           :           :           :           :           :           :           :           :
    :INJECT5 : 50, 35    :WINJ:WRAT:        0.0:        0.0:        0.0:        0.0:        0.0:        0.0:        0.0:        0.0: 
    :        :           :    :    :           :           :           :           :           :           :           :           :
    :INJECT6 :  8,  9    :WINJ:WRAT:        0.0:        0.0:        0.0:        0.0:        0.0:        0.1:        0.0:        0.1: 
    :        :           :    :    :           :           :           :           :           :           :           :           :
    :PROD1   : 16, 43    :PROD: BHP:        0.1:        0.0:        0.0:        0.2:        0.0:        0.0:        0.0:        0.0: 
    :        :           :    :    :           :           :           :           :           :           :           :           :
    :PROD2   : 35, 40    :PROD: BHP:        0.2:        0.0:        0.0:        0.3:        0.0:        0.0:        0.0:        0.0: 
    :        :           :    :    :           :           :           :           :           :           :           :           :
    :PROD3   : 23, 16    :PROD: BHP:        0.1:        0.0:        0.0:        0.1:        0.0:        0.0:        0.0:        0.0: 
    :        :           :    :    :           :           :           :           :           :           :           :           :
    :PROD4   : 43, 18    :PROD: BHP:        0.1:        0.0:        0.0:        0.1:        0.0:        0.0:        0.0:        0.0: 
    ================================================================================================================================
1                             **********************************************************************   4
  BALANCE  AT      1.00  DAYS *VEM                                                                     * ECLIPSE  VERSION 2016.1     
  REPORT   1    16 JUN 2011   *  RUN                                                                   * RUN AT 20:13 ON 12 MAR 2023 
                              **************************************************************************


                                                     ==================================================
                                                     :               FIELD TOTALS                     :
                                                     :         PAV =        396.01  BARSA             :
                                                     :         PORV=       949914.   RM3              :
                                                     :(PRESSURE IS WEIGHTED BY HYDROCARBON PORE VOLUME:
                                                     : PORE VOLUMES ARE TAKEN AT REFERENCE CONDITIONS):
                           :--------------- OIL    SM3  ---------------:-- WAT    SM3  -:--------------- GAS    SM3  ---------------:
                           :     LIQUID         VAPOUR         TOTAL   :       TOTAL    :       FREE      DISSOLVED         TOTAL   :
 :-------------------------:-------------------------------------------:----------------:-------------------------------------------:
 :CURRENTLY IN PLACE       :       518999.                      518999.:        262810. :            0.                           0.:
 :-------------------------:-------------------------------------------:----------------:-------------------------------------------:
 :OUTFLOW THROUGH WELLS    :                                       497.:          -248. :                                         0.:
 :WELL  MATERIAL BAL. ERROR:                                        -0.:             0. :                                         0.:
 :FIELD MATERIAL BAL. ERROR:                                         0.:            -0. :                                         0.:
 :-------------------------:-------------------------------------------:----------------:-------------------------------------------:
 :ORIGINALLY IN PLACE      :       519496.                      519496.:        262562. :            0.                           0.:
 ====================================================================================================================================


                                                     ===================================
                                                     :  FIPNUM OIL RECOVERY FACTORS    :
 :---------:-----------------------------:---------------------------------------------:--------------------------------------------:
 :         :                             : RATIO OF       RATIO OF       RATIO OF      : RATIO OF       RATIO OF       RATIO OF     :
 : REGION  : MOBILE OIIP    MOBILE OIIP  : DISPLACED OIL  DISPLACED OIL  DISPLACED OIL : WELL FLOW      WELL FLOW      WELL FLOW    :
 :         : (W.R.T WATER)  (W.R.T GAS)  : TO INITIAL     TO INITIAL     TO INITIAL    : TO INITIAL     TO INITIAL     TO INITIAL   :
 :         :                             : OIP            MOBILE OIL     MOBILE OIL    : OIP            MOBILE OIL     MOBILE OIL   :
 :         :                             :                (WATER)        (GAS)         :                (WATER)        (GAS)        :
 :---------:-----------------------------:---------------------------------------------:--------------------------------------------:
 :   FIELD :    3.340E+05      3.340E+05 :   0.00096        0.00149       0.00149      :   0.00096        0.00149        0.00149    :
 ====================================================================================================================================

 @--MESSAGE  AT TIME        1.0   DAYS    (16-JUN-2011):
 @           RESTART FILE WRITTEN   REPORT     1                             
   167 READING END     
           35 Mbytes of storage required                         
   1.9146     KB/active cell                                     
           58 Mbytes (image size)                                

 Error summary 
 Comments               1
 Warnings               2
 Problems               0
 Errors                 0
 Bugs                   0
 Final cpu       1.66 elapsed       1.66
 Total number of time steps forced to be accepted          0
